\BOOKMARK [1][-]{section.1}{Explanation of Methods}{}% 1
\BOOKMARK [2][-]{subsection.1.1}{Constructor \(String Parameter\)}{section.1}% 2
\BOOKMARK [2][-]{subsection.1.2}{Constructor \(Integer Parameter\)}{section.1}% 3
\BOOKMARK [2][-]{subsection.1.3}{Addition}{section.1}% 4
\BOOKMARK [3][-]{subsubsection.1.3.1}{Case 1: First Number Negative, Second Number Positive}{subsection.1.3}% 5
\BOOKMARK [3][-]{subsubsection.1.3.2}{Case 2: First Number Positive, Second Number Negative}{subsection.1.3}% 6
\BOOKMARK [3][-]{subsubsection.1.3.3}{Case 3: Both Positive or Both Negative}{subsection.1.3}% 7
\BOOKMARK [2][-]{subsection.1.4}{Subtraction}{section.1}% 8
\BOOKMARK [3][-]{subsubsection.1.4.1}{Case 1: Both Negative}{subsection.1.4}% 9
\BOOKMARK [3][-]{subsubsection.1.4.2}{Case 2: First Negative, Second Positive}{subsection.1.4}% 10
\BOOKMARK [3][-]{subsubsection.1.4.3}{Case 3: First Positive, Second Negative}{subsection.1.4}% 11
\BOOKMARK [3][-]{subsubsection.1.4.4}{Case 4: Both Positive}{subsection.1.4}% 12
\BOOKMARK [2][-]{subsection.1.5}{Multiplication}{section.1}% 13
\BOOKMARK [2][-]{subsection.1.6}{Compare To}{section.1}% 14
\BOOKMARK [3][-]{subsubsection.1.6.1}{Case 1: First Number Negative, Second Number Positive}{subsection.1.6}% 15
\BOOKMARK [3][-]{subsubsection.1.6.2}{Case 2: First Number Positive, Second Number Negative}{subsection.1.6}% 16
\BOOKMARK [3][-]{subsubsection.1.6.3}{Case 3: First Number Negative, Second Number Negative}{subsection.1.6}% 17
\BOOKMARK [3][-]{subsubsection.1.6.4}{Case 4: First Number Positive, Second Number Positive}{subsection.1.6}% 18
\BOOKMARK [1][-]{section.2}{HugeInteger Memory Computation}{}% 19
\BOOKMARK [1][-]{section.3}{Extra Memory Computations for Methods}{}% 20
\BOOKMARK [2][-]{subsection.3.1}{Addition}{section.3}% 21
\BOOKMARK [2][-]{subsection.3.2}{Subtraction}{section.3}% 22
\BOOKMARK [2][-]{subsection.3.3}{Multiplication}{section.3}% 23
\BOOKMARK [2][-]{subsection.3.4}{Compare To}{section.3}% 24
\BOOKMARK [1][-]{section.4}{Big Theta \(\) Run Time}{}% 25
\BOOKMARK [2][-]{subsection.4.1}{Addition}{section.4}% 26
\BOOKMARK [2][-]{subsection.4.2}{Subtraction}{section.4}% 27
\BOOKMARK [2][-]{subsection.4.3}{Multiplication}{section.4}% 28
\BOOKMARK [2][-]{subsection.4.4}{Compare To}{section.4}% 29
\BOOKMARK [1][-]{section.5}{Run Time Complexity}{}% 30
\BOOKMARK [1][-]{section.6}{Discussion}{}% 31
